<?xml version="1.0" encoding="UTF-8" ?>
<testsuite tests="31" failures="0" name="com.zibby.runner.TestRunner" time="4.051" errors="0" skipped="30">
  <properties>
[...]
</properties>
  <testcase classname="| HeyArzie | test | John | Bonham | 06/19/1975 | 694949898 | sunil.geddam@cognical.com | 12911 Alton Sq | Apt 202 | Herndon | VA | 20170 | 45000 | Yearly | monthly | 6/24/2019 | lessThan5 | yes |" name="Given a user with a valid set of credentials username &quot;HeyArzie&quot; and password &quot;test&quot;" time="0.064">
    <skipped/>
    <system-out>Feature: Pay Frequency flows

  @PayFrequency @Demo
  Scenario Outline:                                                                                                          &amp;#27;[90m# PayFrequency.feature:4&amp;#27;[0m
    Verify that the payment due date has moved to the next payment array and displays correctly across 
    Cart, Contract, Customer Portal and LMS when the time difference between lease origination date and the next pay date is less than 5 business days.

    &amp;#27;[36mGiven &amp;#27;[0m&amp;#27;[36ma user with a valid set of credentials username &quot;&lt;userName&gt;&quot; and password &quot;&lt;password&gt;&quot;&amp;#27;[0m
    &amp;#27;[36mThen &amp;#27;[0m&amp;#27;[36muser sees the welcome page enters customer mobile number.&amp;#27;[0m
    &amp;#27;[36mAnd &amp;#27;[0m&amp;#27;[36muser initiates a new application by entering phone number and verification code&amp;#27;[0m
    &amp;#27;[36mAnd &amp;#27;[0m&amp;#27;[36menter demographic information with first name as &quot;&lt;firstName&gt;&quot;&amp;#27;[0m
    &amp;#27;[36mThen &amp;#27;[0m&amp;#27;[36menters last name as &quot;&lt;lastName&gt;&quot;&amp;#27;[0m
    &amp;#27;[36mThen &amp;#27;[0m&amp;#27;[36menters date of birth as &quot;&lt;dateOfBirth&gt;&quot;&amp;#27;[0m
    &amp;#27;[36mThen &amp;#27;[0m&amp;#27;[36menters SSN or ITIN as &quot;&lt;SSN_ITIN&gt;&quot;&amp;#27;[0m
    &amp;#27;[36mThen &amp;#27;[0m&amp;#27;[36menters email ID as &quot;&lt;emailId&gt;&quot;&amp;#27;[0m
    &amp;#27;[36mThen &amp;#27;[0m&amp;#27;[36menters billing address as &quot;&lt;billingAddress1&gt;&quot;&amp;#27;[0m
    &amp;#27;[36mThen &amp;#27;[0m&amp;#27;[36menter second address line as &quot;&lt;billingAddress2&gt;&quot;&amp;#27;[0m
    &amp;#27;[36mThen &amp;#27;[0m&amp;#27;[36menter city as &quot;&lt;city&gt;&quot;&amp;#27;[0m
    &amp;#27;[36mThen &amp;#27;[0m&amp;#27;[36mselects state as &quot;&lt;state&gt;&quot;&amp;#27;[0m
    &amp;#27;[36mThen &amp;#27;[0m&amp;#27;[36menters zipcode as &quot;&lt;zipCode&gt;&quot; and clicks continue&amp;#27;[0m
    &amp;#27;[36mAnd &amp;#27;[0m&amp;#27;[36mLands on Pay frequency&amp;#27;[0m
    &amp;#27;[36mAnd &amp;#27;[0m&amp;#27;[36mEnters Salary &lt;&quot;salary&quot;&gt; for the term  &quot;&lt;payTerm&gt;&quot;&amp;#27;[0m
    &amp;#27;[36mAnd &amp;#27;[0m&amp;#27;[36mEnters Pay Frequency as &quot;&lt;payFrequency&gt;&quot;&amp;#27;[0m
    &amp;#27;[36mAnd &amp;#27;[0m&amp;#27;[36mEnters Last Pay date as &quot;&lt;payDate&gt;&quot;&amp;#27;[0m
    #(5 or less days from Todays Date)
    &amp;#27;[36mAnd &amp;#27;[0m&amp;#27;[36mEnter Next Pay Date &quot;&lt;nextPayDate&gt;&quot;&amp;#27;[0m
    &amp;#27;[36mAnd &amp;#27;[0m&amp;#27;[36mSelects Direct Deposit as &quot;&lt;directDeposit&gt;&quot;&amp;#27;[0m
    &amp;#27;[36mAnd &amp;#27;[0m&amp;#27;[36mhits Continue and lands on Preapproval Page&amp;#27;[0m
    &amp;#27;[36mWhen &amp;#27;[0m&amp;#27;[36muser adds item to cart&amp;#27;[0m
    &amp;#27;[36mThen &amp;#27;[0m&amp;#27;[36mverify the item is added to cart&amp;#27;[0m
    &amp;#27;[36mAnd &amp;#27;[0m&amp;#27;[36mVerify the Payment due date next cycle on the payment array displays as the customer&apos;s due date&amp;#27;[0m
    &amp;#27;[36mWhen &amp;#27;[0m&amp;#27;[36muser Navigates to Checkout&amp;#27;[0m
    &amp;#27;[36mThen &amp;#27;[0m&amp;#27;[36mVerify the lease details as Rental Term and Payment Schedule begin and end dates correspond to the payment due date&amp;#27;[0m
    &amp;#27;[36mAnd &amp;#27;[0m&amp;#27;[36muser processes the lease by making a payment&amp;#27;[0m
    &amp;#27;[36mWhen &amp;#27;[0m&amp;#27;[36muser Navigates to LMS&amp;#27;[0m
    &amp;#27;[36mAnd &amp;#27;[0m&amp;#27;[36mpulls up the lease&amp;#27;[0m
    &amp;#27;[36mThen &amp;#27;[0m&amp;#27;[36mverify the payment due date on the summary page aligns with contract and cart dates.&amp;#27;[0m

    Examples: 
</system-out>
  </testcase>
  <testcase classname="| HeyArzie | test | John | Bonham | 06/19/1975 | 694949898 | sunil.geddam@cognical.com | 12911 Alton Sq | Apt 202 | Herndon | VA | 20170 | 45000 | Yearly | monthly | 6/24/2019 | lessThan5 | yes |" name="Then user sees the welcome page enters customer mobile number." time="0.085">
    <skipped/>
  </testcase>
  <testcase classname="| HeyArzie | test | John | Bonham | 06/19/1975 | 694949898 | sunil.geddam@cognical.com | 12911 Alton Sq | Apt 202 | Herndon | VA | 20170 | 45000 | Yearly | monthly | 6/24/2019 | lessThan5 | yes |" name="And user initiates a new application by entering phone number and verification code" time="0.093">
    <skipped/>
  </testcase>
  <testcase classname="| HeyArzie | test | John | Bonham | 06/19/1975 | 694949898 | sunil.geddam@cognical.com | 12911 Alton Sq | Apt 202 | Herndon | VA | 20170 | 45000 | Yearly | monthly | 6/24/2019 | lessThan5 | yes |" name="And enter demographic information with first name as &quot;John&quot;" time="0.098">
    <skipped/>
  </testcase>
  <testcase classname="| HeyArzie | test | John | Bonham | 06/19/1975 | 694949898 | sunil.geddam@cognical.com | 12911 Alton Sq | Apt 202 | Herndon | VA | 20170 | 45000 | Yearly | monthly | 6/24/2019 | lessThan5 | yes |" name="Then enters last name as &quot;Bonham&quot;" time="0.101">
    <skipped/>
  </testcase>
  <testcase classname="| HeyArzie | test | John | Bonham | 06/19/1975 | 694949898 | sunil.geddam@cognical.com | 12911 Alton Sq | Apt 202 | Herndon | VA | 20170 | 45000 | Yearly | monthly | 6/24/2019 | lessThan5 | yes |" name="Then enters date of birth as &quot;&lt;dateOfBirth&gt;&quot;" time="0.102">
    <skipped/>
  </testcase>
  <testcase classname="| HeyArzie | test | John | Bonham | 06/19/1975 | 694949898 | sunil.geddam@cognical.com | 12911 Alton Sq | Apt 202 | Herndon | VA | 20170 | 45000 | Yearly | monthly | 6/24/2019 | lessThan5 | yes |" name="Then enters SSN or ITIN as &quot;694949898&quot;" time="0.103">
    <skipped/>
  </testcase>
  <testcase classname="| HeyArzie | test | John | Bonham | 06/19/1975 | 694949898 | sunil.geddam@cognical.com | 12911 Alton Sq | Apt 202 | Herndon | VA | 20170 | 45000 | Yearly | monthly | 6/24/2019 | lessThan5 | yes |" name="Then enters email ID as &quot;sunil.geddam@cognical.com&quot;" time="0.109">
    <skipped/>
  </testcase>
  <testcase classname="| HeyArzie | test | John | Bonham | 06/19/1975 | 694949898 | sunil.geddam@cognical.com | 12911 Alton Sq | Apt 202 | Herndon | VA | 20170 | 45000 | Yearly | monthly | 6/24/2019 | lessThan5 | yes |" name="Then enters billing address as &quot;12911 Alton Sq&quot;" time="0.11">
    <skipped/>
  </testcase>
  <testcase classname="| HeyArzie | test | John | Bonham | 06/19/1975 | 694949898 | sunil.geddam@cognical.com | 12911 Alton Sq | Apt 202 | Herndon | VA | 20170 | 45000 | Yearly | monthly | 6/24/2019 | lessThan5 | yes |" name="Then enter second address line as &quot;Apt 202&quot;" time="0.111">
    <skipped/>
  </testcase>
  <testcase classname="| HeyArzie | test | John | Bonham | 06/19/1975 | 694949898 | sunil.geddam@cognical.com | 12911 Alton Sq | Apt 202 | Herndon | VA | 20170 | 45000 | Yearly | monthly | 6/24/2019 | lessThan5 | yes |" name="Then enter city as &quot;Herndon&quot;" time="0.112">
    <skipped/>
  </testcase>
  <testcase classname="| HeyArzie | test | John | Bonham | 06/19/1975 | 694949898 | sunil.geddam@cognical.com | 12911 Alton Sq | Apt 202 | Herndon | VA | 20170 | 45000 | Yearly | monthly | 6/24/2019 | lessThan5 | yes |" name="Then selects state as &quot;VA&quot;" time="0.132">
    <skipped/>
  </testcase>
  <testcase classname="| HeyArzie | test | John | Bonham | 06/19/1975 | 694949898 | sunil.geddam@cognical.com | 12911 Alton Sq | Apt 202 | Herndon | VA | 20170 | 45000 | Yearly | monthly | 6/24/2019 | lessThan5 | yes |" name="Then enters zipcode as &quot;20170&quot; and clicks continue" time="0.133">
    <skipped/>
  </testcase>
  <testcase classname="| HeyArzie | test | John | Bonham | 06/19/1975 | 694949898 | sunil.geddam@cognical.com | 12911 Alton Sq | Apt 202 | Herndon | VA | 20170 | 45000 | Yearly | monthly | 6/24/2019 | lessThan5 | yes |" name="And Lands on Pay frequency" time="0.135">
    <skipped/>
  </testcase>
  <testcase classname="| HeyArzie | test | John | Bonham | 06/19/1975 | 694949898 | sunil.geddam@cognical.com | 12911 Alton Sq | Apt 202 | Herndon | VA | 20170 | 45000 | Yearly | monthly | 6/24/2019 | lessThan5 | yes |" name="And Enters Salary &lt;&quot;salary&quot;&gt; for the term  &quot;Yearly&quot;" time="0.136">
    <skipped/>
  </testcase>
  <testcase classname="| HeyArzie | test | John | Bonham | 06/19/1975 | 694949898 | sunil.geddam@cognical.com | 12911 Alton Sq | Apt 202 | Herndon | VA | 20170 | 45000 | Yearly | monthly | 6/24/2019 | lessThan5 | yes |" name="And Enters Pay Frequency as &quot;monthly&quot;" time="0.14">
    <skipped/>
  </testcase>
  <testcase classname="| HeyArzie | test | John | Bonham | 06/19/1975 | 694949898 | sunil.geddam@cognical.com | 12911 Alton Sq | Apt 202 | Herndon | VA | 20170 | 45000 | Yearly | monthly | 6/24/2019 | lessThan5 | yes |" name="And Enters Last Pay date as &quot;6/24/2019&quot;" time="0.142">
    <skipped/>
  </testcase>
  <testcase classname="| HeyArzie | test | John | Bonham | 06/19/1975 | 694949898 | sunil.geddam@cognical.com | 12911 Alton Sq | Apt 202 | Herndon | VA | 20170 | 45000 | Yearly | monthly | 6/24/2019 | lessThan5 | yes |" name="And Enter Next Pay Date &quot;lessThan5&quot;" time="0.143">
    <skipped/>
  </testcase>
  <testcase classname="| HeyArzie | test | John | Bonham | 06/19/1975 | 694949898 | sunil.geddam@cognical.com | 12911 Alton Sq | Apt 202 | Herndon | VA | 20170 | 45000 | Yearly | monthly | 6/24/2019 | lessThan5 | yes |" name="And Selects Direct Deposit as &quot;yes&quot;" time="0.144">
    <skipped/>
  </testcase>
  <testcase classname="| HeyArzie | test | John | Bonham | 06/19/1975 | 694949898 | sunil.geddam@cognical.com | 12911 Alton Sq | Apt 202 | Herndon | VA | 20170 | 45000 | Yearly | monthly | 6/24/2019 | lessThan5 | yes |" name="And hits Continue and lands on Preapproval Page" time="0.145">
    <skipped/>
  </testcase>
  <testcase classname="| HeyArzie | test | John | Bonham | 06/19/1975 | 694949898 | sunil.geddam@cognical.com | 12911 Alton Sq | Apt 202 | Herndon | VA | 20170 | 45000 | Yearly | monthly | 6/24/2019 | lessThan5 | yes |" name="When user adds item to cart" time="0.145">
    <skipped/>
  </testcase>
  <testcase classname="| HeyArzie | test | John | Bonham | 06/19/1975 | 694949898 | sunil.geddam@cognical.com | 12911 Alton Sq | Apt 202 | Herndon | VA | 20170 | 45000 | Yearly | monthly | 6/24/2019 | lessThan5 | yes |" name="Then verify the item is added to cart" time="0.146">
    <skipped/>
  </testcase>
  <testcase classname="| HeyArzie | test | John | Bonham | 06/19/1975 | 694949898 | sunil.geddam@cognical.com | 12911 Alton Sq | Apt 202 | Herndon | VA | 20170 | 45000 | Yearly | monthly | 6/24/2019 | lessThan5 | yes |" name="And Verify the Payment due date next cycle on the payment array displays as the customer&apos;s due date" time="0.148">
    <skipped/>
  </testcase>
  <testcase classname="| HeyArzie | test | John | Bonham | 06/19/1975 | 694949898 | sunil.geddam@cognical.com | 12911 Alton Sq | Apt 202 | Herndon | VA | 20170 | 45000 | Yearly | monthly | 6/24/2019 | lessThan5 | yes |" name="When user Navigates to Checkout" time="0.148">
    <skipped/>
  </testcase>
  <testcase classname="| HeyArzie | test | John | Bonham | 06/19/1975 | 694949898 | sunil.geddam@cognical.com | 12911 Alton Sq | Apt 202 | Herndon | VA | 20170 | 45000 | Yearly | monthly | 6/24/2019 | lessThan5 | yes |" name="Then Verify the lease details as Rental Term and Payment Schedule begin and end dates correspond to the payment due date" time="0.149">
    <skipped/>
  </testcase>
  <testcase classname="| HeyArzie | test | John | Bonham | 06/19/1975 | 694949898 | sunil.geddam@cognical.com | 12911 Alton Sq | Apt 202 | Herndon | VA | 20170 | 45000 | Yearly | monthly | 6/24/2019 | lessThan5 | yes |" name="And user processes the lease by making a payment" time="0.151">
    <skipped/>
  </testcase>
  <testcase classname="| HeyArzie | test | John | Bonham | 06/19/1975 | 694949898 | sunil.geddam@cognical.com | 12911 Alton Sq | Apt 202 | Herndon | VA | 20170 | 45000 | Yearly | monthly | 6/24/2019 | lessThan5 | yes |" name="When user Navigates to LMS" time="0.163">
    <skipped/>
  </testcase>
  <testcase classname="| HeyArzie | test | John | Bonham | 06/19/1975 | 694949898 | sunil.geddam@cognical.com | 12911 Alton Sq | Apt 202 | Herndon | VA | 20170 | 45000 | Yearly | monthly | 6/24/2019 | lessThan5 | yes |" name="And pulls up the lease" time="0.165">
    <skipped/>
  </testcase>
  <testcase classname="| HeyArzie | test | John | Bonham | 06/19/1975 | 694949898 | sunil.geddam@cognical.com | 12911 Alton Sq | Apt 202 | Herndon | VA | 20170 | 45000 | Yearly | monthly | 6/24/2019 | lessThan5 | yes |" name="Then verify the payment due date on the summary page aligns with contract and cart dates." time="0.165">
    <skipped/>
  </testcase>
  <testcase classname="| HeyArzie | test | John | Bonham | 06/19/1975 | 694949898 | sunil.geddam@cognical.com | 12911 Alton Sq | Apt 202 | Herndon | VA | 20170 | 45000 | Yearly | monthly | 6/24/2019 | lessThan5 | yes |" name="| HeyArzie | test | John | Bonham | 06/19/1975 | 694949898 | sunil.geddam@cognical.com | 12911 Alton Sq | Apt 202 | Herndon | VA | 20170 | 45000 | Yearly | monthly | 6/24/2019 | lessThan5 | yes |" time="0.166">
    <skipped/>
  </testcase>
  <testcase classname="| HeyArzie | test | John | Bonham | 06/19/1975 | 694949898 | sunil.geddam@cognical.com | 12911 Alton Sq | Apt 202 | Herndon | VA | 20170 | 45000 | Yearly | monthly | 6/24/2019 | lessThan5 | yes |" name="| HeyArzie | test | John | Bonham | 06/19/1975 | 694949898 | sunil.geddam@cognical.com | 12911 Alton Sq | Apt 202 | Herndon | VA | 20170 | 45000 | Yearly | monthly | 6/24/2019 | lessThan5 | yes |" time="0.167"/>
</testsuite>